{
  "uid" : "4b4757e66a1912dae1a509f688f20b0f",
  "children" : [ {
    "name" : "Test defects",
    "children" : [ {
      "name" : "selenium.common.exceptions.NoSuchElementException: Message: no such element: Unable to locate element: {\"method\":\"xpath\",\"selector\":\"//form/fieldset[3]/input\"}\n  (Session info: headless chrome=92.0.4515.131)",
      "children" : [ {
        "name" : "test_login",
        "uid" : "c31b5f9640ac7679",
        "parentUid" : "cb96ba5c0eea58d3db12ec5c38b9bbc4",
        "status" : "broken",
        "time" : {
          "start" : 1629794051028,
          "stop" : 1629794054530,
          "duration" : 3502
        },
        "flaky" : false,
        "newFailed" : false,
        "parameters" : [ ]
      }, {
        "name" : "test_login",
        "uid" : "2f36e62630d470a8",
        "parentUid" : "cb96ba5c0eea58d3db12ec5c38b9bbc4",
        "status" : "broken",
        "time" : {
          "start" : 1629794056701,
          "stop" : 1629794060204,
          "duration" : 3503
        },
        "flaky" : false,
        "newFailed" : false,
        "parameters" : [ ]
      }, {
        "name" : "test_login",
        "uid" : "52d01497edabdaf5",
        "parentUid" : "cb96ba5c0eea58d3db12ec5c38b9bbc4",
        "status" : "broken",
        "time" : {
          "start" : 1629794061950,
          "stop" : 1629794065405,
          "duration" : 3455
        },
        "flaky" : false,
        "newFailed" : false,
        "parameters" : [ ]
      } ],
      "uid" : "cb96ba5c0eea58d3db12ec5c38b9bbc4"
    }, {
      "name" : "selenium.common.exceptions.NoSuchElementException: Message: no such element: Unable to locate element: {\"method\":\"xpath\",\"selector\":\"//*[@id=\"app\"]/nav/div/ul/li[2]/a/i\"}\n  (Session info: headless chrome=92.0.4515.131)",
      "children" : [ {
        "name" : "test_creation_new_post",
        "uid" : "750f0f34ff9307e",
        "parentUid" : "501917d84c17a75b9e981c0a13cb5cee",
        "status" : "broken",
        "time" : {
          "start" : 1629794054962,
          "stop" : 1629794054980,
          "duration" : 18
        },
        "flaky" : false,
        "newFailed" : false,
        "parameters" : [ ]
      }, {
        "name" : "test_creation_new_post",
        "uid" : "17efec791386a050",
        "parentUid" : "501917d84c17a75b9e981c0a13cb5cee",
        "status" : "broken",
        "time" : {
          "start" : 1629794061571,
          "stop" : 1629794061590,
          "duration" : 19
        },
        "flaky" : false,
        "newFailed" : false,
        "parameters" : [ ]
      } ],
      "uid" : "501917d84c17a75b9e981c0a13cb5cee"
    }, {
      "name" : "selenium.common.exceptions.NoSuchElementException: Message: no such element: Unable to locate element: {\"method\":\"xpath\",\"selector\":\"//*[@id=\"app\"]/div/div[1]/div/div/span/a/i\"}\n  (Session info: headless chrome=92.0.4515.131)",
      "children" : [ {
        "name" : "test_edit_post",
        "uid" : "b2d556ad6de85710",
        "parentUid" : "5cff716eba1061fe06794ff03508fbdc",
        "status" : "broken",
        "time" : {
          "start" : 1629794056330,
          "stop" : 1629794056348,
          "duration" : 18
        },
        "flaky" : false,
        "newFailed" : false,
        "parameters" : [ ]
      } ],
      "uid" : "5cff716eba1061fe06794ff03508fbdc"
    }, {
      "name" : "NameError: name 'Options' is not defined",
      "children" : [ {
        "name" : "test_improper_login",
        "uid" : "6603fd48b62646b1",
        "parentUid" : "310689b2f260857f55d0d813e27ddfd5",
        "status" : "broken",
        "time" : {
          "start" : 1629794074528,
          "stop" : 1629794074528,
          "duration" : 0
        },
        "flaky" : false,
        "newFailed" : false,
        "parameters" : [ ]
      } ],
      "uid" : "310689b2f260857f55d0d813e27ddfd5"
    } ],
    "uid" : "bdbf199525818fae7a8651db9eafe741"
  } ],
  "name" : "categories"
}