{
  "uid" : "4b4757e66a1912dae1a509f688f20b0f",
  "children" : [ {
    "name" : "Test defects",
    "children" : [ {
      "name" : "selenium.common.exceptions.NoSuchElementException: Message: no such element: Unable to locate element: {\"method\":\"link text\",\"selector\":\"Sign in\"}\n  (Session info: headless chrome=91.0.4472.101)",
      "children" : [ {
        "name" : "test_login",
        "uid" : "3bf61d0d57c33736",
        "parentUid" : "b10e998b3bca4229b316bd7a9d137d12",
        "status" : "broken",
        "time" : {
          "start" : 1624284299580,
          "stop" : 1624284300866,
          "duration" : 1286
        },
        "flaky" : false,
        "newFailed" : false,
        "parameters" : [ ]
      } ],
      "uid" : "b10e998b3bca4229b316bd7a9d137d12"
    }, {
      "name" : "selenium.common.exceptions.WebDriverException: Message: unknown error: Chrome failed to start: exited abnormally.\n  (unknown error: DevToolsActivePort file doesn't exist)\n  (The process started from chrome location /usr/bin/google-chrome is no longer running, so ChromeDriver is assuming that Chrome has crashed.)",
      "children" : [ {
        "name" : "test_registration",
        "uid" : "ec7374bb149368b9",
        "parentUid" : "e4a7d37349393b5a9e33d7e741170037",
        "status" : "broken",
        "time" : {
          "start" : 1624284301065,
          "stop" : 1624284301065,
          "duration" : 0
        },
        "flaky" : false,
        "newFailed" : false,
        "parameters" : [ ]
      } ],
      "uid" : "e4a7d37349393b5a9e33d7e741170037"
    } ],
    "uid" : "bdbf199525818fae7a8651db9eafe741"
  } ],
  "name" : "categories"
}